# JRE version: OpenJDK Runtime Environment Temurin-21.0.3+9 (21.0.3+9) (build 21.0.3+9-LTS)
# Java VM: OpenJDK 64-Bit Server VM Temurin-21.0.3+9 (21.0.3+9-LTS, mixed mode, sharing, tiered, compressed oops, compressed class ptrs, g1 gc, windows-amd64)
GC Precious Log:
 CardTable entry size: 512
 Card Set container configuration: InlinePtr #cards 4 size 8 Array Of Cards #cards 16 size 48 Howl #buckets 8 coarsen threshold 3686 Howl Bitmap #cards 512 size 80 coarsen threshold 460 Card regions per heap region 1 cards per card region 4096
 CPUs: 8 total, 8 available
 Memory: 16304M
 Large Page Support: Disabled
 NUMA Support: Disabled
 Compressed Oops: Enabled (Zero based)
 Heap Region Size: 2M
 Heap Min Capacity: 8M
 Heap Initial Capacity: 256M
 Heap Max Capacity: 3G
 Pre-touch: Disabled
 Parallel Workers: 8
 Concurrent Workers: 2
 Concurrent Refinement Workers: 8
 Periodic GC: Disabled
Heap:
 garbage-first heap   total 694272K, used 515015K [0x0000000740000000, 0x0000000800000000)
  region size 2048K, 8 young (16384K), 8 survivors (16384K)
 Metaspace       used 68937K, committed 70912K, reserved 1114112K
  class space    used 9775K, committed 10752K, reserved 1048576K
GC Heap History (20 events):
Event: 15.178 GC heap after
{Heap after GC invocations=23 (full 0):
 garbage-first heap   total 280576K, used 198254K [0x0000000740000000, 0x0000000800000000)
  region size 2048K, 4 young (8192K), 4 survivors (8192K)
 Metaspace       used 68683K, committed 70720K, reserved 1114112K
  class space    used 9756K, committed 10752K, reserved 1048576K
}
Event: 15.327 GC heap before
{Heap before GC invocations=23 (full 0):
 garbage-first heap   total 280576K, used 239214K [0x0000000740000000, 0x0000000800000000)
  region size 2048K, 19 young (38912K), 4 survivors (8192K)
 Metaspace       used 68714K, committed 70720K, reserved 1114112K
  class space    used 9756K, committed 10752K, reserved 1048576K
}
Event: 15.355 GC heap after
{Heap after GC invocations=24 (full 0):
 garbage-first heap   total 280576K, used 225223K [0x0000000740000000, 0x0000000800000000)
  region size 2048K, 3 young (6144K), 3 survivors (6144K)
 Metaspace       used 68714K, committed 70720K, reserved 1114112K
  class space    used 9756K, committed 10752K, reserved 1048576K
}
Event: 15.454 GC heap before
{Heap before GC invocations=24 (full 0):
 garbage-first heap   total 280576K, used 241607K [0x0000000740000000, 0x0000000800000000)
  region size 2048K, 12 young (24576K), 3 survivors (6144K)
 Metaspace       used 68717K, committed 70720K, reserved 1114112K
  class space    used 9756K, committed 10752K, reserved 1048576K
}
Event: 15.462 GC heap after
{Heap after GC invocations=25 (full 0):
 garbage-first heap   total 280576K, used 232741K [0x0000000740000000, 0x0000000800000000)
  region size 2048K, 2 young (4096K), 2 survivors (4096K)
 Metaspace       used 68717K, committed 70720K, reserved 1114112K
  class space    used 9756K, committed 10752K, reserved 1048576K
}
Event: 15.523 GC heap before
{Heap before GC invocations=25 (full 0):
 garbage-first heap   total 280576K, used 249125K [0x0000000740000000, 0x0000000800000000)
  region size 2048K, 10 young (20480K), 2 survivors (4096K)
 Metaspace       used 68717K, committed 70720K, reserved 1114112K
  class space    used 9756K, committed 10752K, reserved 1048576K
}
Event: 15.530 GC heap after
{Heap after GC invocations=26 (full 0):
 garbage-first heap   total 561152K, used 238082K [0x0000000740000000, 0x0000000800000000)
  region size 2048K, 2 young (4096K), 2 survivors (4096K)
 Metaspace       used 68717K, committed 70720K, reserved 1114112K
  class space    used 9756K, committed 10752K, reserved 1048576K
}
Event: 15.842 GC heap before
{Heap before GC invocations=27 (full 0):
 garbage-first heap   total 561152K, used 365058K [0x0000000740000000, 0x0000000800000000)
  region size 2048K, 64 young (131072K), 2 survivors (4096K)
 Metaspace       used 68721K, committed 70720K, reserved 1114112K
  class space    used 9756K, committed 10752K, reserved 1048576K
}
Event: 15.859 GC heap after
{Heap after GC invocations=28 (full 0):
 garbage-first heap   total 561152K, used 268181K [0x0000000740000000, 0x0000000800000000)
  region size 2048K, 8 young (16384K), 8 survivors (16384K)
 Metaspace       used 68721K, committed 70720K, reserved 1114112K
  class space    used 9756K, committed 10752K, reserved 1048576K
}
Event: 15.985 GC heap before
{Heap before GC invocations=28 (full 0):
 garbage-first heap   total 561152K, used 395157K [0x0000000740000000, 0x0000000800000000)
  region size 2048K, 70 young (143360K), 8 survivors (16384K)
 Metaspace       used 68721K, committed 70720K, reserved 1114112K
  class space    used 9756K, committed 10752K, reserved 1048576K
}
Event: 16.009 GC heap after
{Heap after GC invocations=29 (full 0):
 garbage-first heap   total 561152K, used 290759K [0x0000000740000000, 0x0000000800000000)
  region size 2048K, 9 young (18432K), 9 survivors (18432K)
 Metaspace       used 68721K, committed 70720K, reserved 1114112K
  class space    used 9756K, committed 10752K, reserved 1048576K
}
Event: 16.550 GC heap before
{Heap before GC invocations=29 (full 0):
 garbage-first heap   total 561152K, used 417735K [0x0000000740000000, 0x0000000800000000)
  region size 2048K, 71 young (145408K), 9 survivors (18432K)
 Metaspace       used 68754K, committed 70720K, reserved 1114112K
  class space    used 9759K, committed 10752K, reserved 1048576K
}
Event: 16.603 GC heap after
{Heap after GC invocations=30 (full 0):
 garbage-first heap   total 561152K, used 345657K [0x0000000740000000, 0x0000000800000000)
  region size 2048K, 9 young (18432K), 9 survivors (18432K)
 Metaspace       used 68754K, committed 70720K, reserved 1114112K
  class space    used 9759K, committed 10752K, reserved 1048576K
}
Event: 17.033 GC heap before
{Heap before GC invocations=30 (full 0):
 garbage-first heap   total 694272K, used 443961K [0x0000000740000000, 0x0000000800000000)
  region size 2048K, 57 young (116736K), 9 survivors (18432K)
 Metaspace       used 68855K, committed 70848K, reserved 1114112K
  class space    used 9772K, committed 10752K, reserved 1048576K
}
Event: 17.115 GC heap after
{Heap after GC invocations=31 (full 0):
 garbage-first heap   total 694272K, used 396231K [0x0000000740000000, 0x0000000800000000)
  region size 2048K, 8 young (16384K), 8 survivors (16384K)
 Metaspace       used 68855K, committed 70848K, reserved 1114112K
  class space    used 9772K, committed 10752K, reserved 1048576K
}
Event: 18.186 GC heap before
{Heap before GC invocations=32 (full 0):
 garbage-first heap   total 694272K, used 553927K [0x0000000740000000, 0x0000000800000000)
  region size 2048K, 76 young (155648K), 8 survivors (16384K)
 Metaspace       used 68935K, committed 70912K, reserved 1114112K
  class space    used 9775K, committed 10752K, reserved 1048576K
}
Event: 18.228 GC heap after
{Heap after GC invocations=33 (full 0):
 garbage-first heap   total 694272K, used 435143K [0x0000000740000000, 0x0000000800000000)
  region size 2048K, 10 young (20480K), 10 survivors (20480K)
 Metaspace       used 68935K, committed 70912K, reserved 1114112K
  class space    used 9775K, committed 10752K, reserved 1048576K
}
Event: 18.383 GC heap before
{Heap before GC invocations=33 (full 0):
 garbage-first heap   total 694272K, used 558023K [0x0000000740000000, 0x0000000800000000)
  region size 2048K, 70 young (143360K), 10 survivors (20480K)
 Metaspace       used 68935K, committed 70912K, reserved 1114112K
  class space    used 9775K, committed 10752K, reserved 1048576K
}
Event: 18.464 GC heap after
{Heap after GC invocations=34 (full 0):
 garbage-first heap   total 694272K, used 455623K [0x0000000740000000, 0x0000000800000000)
  region size 2048K, 9 young (18432K), 9 survivors (18432K)
 Metaspace       used 68935K, committed 70912K, reserved 1114112K
  class space    used 9775K, committed 10752K, reserved 1048576K
}
Event: 18.706 GC heap before
{Heap before GC invocations=34 (full 0):
 garbage-first heap   total 694272K, used 553927K [0x0000000740000000, 0x0000000800000000)
  region size 2048K, 57 young (116736K), 9 survivors (18432K)
 Metaspace       used 68937K, committed 70912K, reserved 1114112K
  class space    used 9775K, committed 10752K, reserved 1048576K
}

